app/build/intermediates/manifest_merge_blame_file/debug/manifest-merger-blame-debug-report.txt
1<?xml version="1.0" encoding="utf-8"?>
2<manifest xmlns:android="http://schemas.android.com/apk/res/android"
3    package="com.kirg.vicon"
4    android:versionCode="1"
5    android:versionName="1.0" >
6
7    <uses-sdk
8        android:minSdkVersion="23"
8-->src\main\AndroidManifest.xml
9        android:targetSdkVersion="28" />
9-->src\main\AndroidManifest.xml
10
11    <uses-permission android:name="android.permission.INTERNET" />
11-->src\main\AndroidManifest.xml:6:5-67
11-->src\main\AndroidManifest.xml:6:22-64
12    <uses-permission android:name="android.permission.CALL_PHONE" />
12-->src\main\AndroidManifest.xml:7:5-69
12-->src\main\AndroidManifest.xml:7:22-66
13    <uses-permission android:name="android.permision.CALL_PHONE" />
13-->src\main\AndroidManifest.xml:8:5-68
13-->src\main\AndroidManifest.xml:8:22-65
14    <uses-permission android:name="android.permission.SEND_SMS" />
14-->src\main\AndroidManifest.xml:9:5-67
14-->src\main\AndroidManifest.xml:9:22-64
15    <uses-permission android:name="android.permission.READ_EXTERNAL_STORAGE" />
15-->src\main\AndroidManifest.xml:10:5-80
15-->src\main\AndroidManifest.xml:10:22-77
16    <uses-permission android:name="android.permission.RECEIVE_SMS" />
16-->src\main\AndroidManifest.xml:11:5-70
16-->src\main\AndroidManifest.xml:11:22-67
17    <uses-permission android:name="android.permission.ACCESS_NETWORK_STATE" />
17-->src\main\AndroidManifest.xml:12:5-79
17-->src\main\AndroidManifest.xml:12:22-76
18
19    <supports-screens
19-->src\main\AndroidManifest.xml:14:5-20:39
20        android:anyDensity="true"
20-->src\main\AndroidManifest.xml:15:9-34
21        android:largeScreens="true"
21-->src\main\AndroidManifest.xml:16:9-36
22        android:normalScreens="true"
22-->src\main\AndroidManifest.xml:18:9-37
23        android:resizeable="true"
23-->src\main\AndroidManifest.xml:19:9-34
24        android:smallScreens="true"
24-->src\main\AndroidManifest.xml:20:9-36
25        android:xlargeScreens="true" />
25-->src\main\AndroidManifest.xml:17:9-37
26
27    <application
27-->src\main\AndroidManifest.xml:22:5-46:19
28        android:allowBackup="true"
28-->src\main\AndroidManifest.xml:23:9-35
29        android:appComponentFactory="android.support.v4.app.CoreComponentFactory"
29-->[com.android.support:support-compat:28.0.0] AndroidManifest.xml:22:18-91
30        android:debuggable="true"
31        android:fullBackupContent="true"
31-->src\main\AndroidManifest.xml:24:9-41
32        android:hardwareAccelerated="true"
32-->src\main\AndroidManifest.xml:25:9-43
33        android:icon="@mipmap/twomglogo"
33-->src\main\AndroidManifest.xml:26:9-41
34        android:label="@string/app_name"
34-->src\main\AndroidManifest.xml:27:9-41
35        android:largeHeap="true"
35-->src\main\AndroidManifest.xml:29:9-33
36        android:supportsRtl="true"
36-->src\main\AndroidManifest.xml:30:9-35
37        android:testOnly="true"
38        android:theme="@style/AppTheme"
38-->src\main\AndroidManifest.xml:31:9-40
39        android:usesCleartextTraffic="true" >
39-->src\main\AndroidManifest.xml:28:9-44
40        <activity android:name="com.kirg.vicon.SearchUI" />
40-->src\main\AndroidManifest.xml:33:9-46
40-->src\main\AndroidManifest.xml:33:19-43
41        <activity android:name="com.kirg.vicon.Shivaram" />
41-->src\main\AndroidManifest.xml:34:9-46
41-->src\main\AndroidManifest.xml:34:19-43
42        <activity android:name="com.kirg.vicon.DeleteFaculty" />
42-->src\main\AndroidManifest.xml:35:9-51
42-->src\main\AndroidManifest.xml:35:19-48
43        <activity android:name="com.kirg.vicon.LoginActivity" />
43-->src\main\AndroidManifest.xml:36:9-51
43-->src\main\AndroidManifest.xml:36:19-48
44        <activity android:name="com.kirg.vicon.RemoteMySQLUI" />
44-->src\main\AndroidManifest.xml:37:9-51
44-->src\main\AndroidManifest.xml:37:19-48
45        <activity android:name="com.kirg.vicon.RegisterActivity" />
45-->src\main\AndroidManifest.xml:38:9-54
45-->src\main\AndroidManifest.xml:38:19-51
46        <activity android:name="com.kirg.vicon.preload" >
46-->src\main\AndroidManifest.xml:39:9-45:20
46-->src\main\AndroidManifest.xml:39:19-42
47            <intent-filter>
47-->src\main\AndroidManifest.xml:40:13-44:29
48                <action android:name="android.intent.action.MAIN" />
48-->src\main\AndroidManifest.xml:41:17-69
48-->src\main\AndroidManifest.xml:41:25-66
49
50                <category android:name="android.intent.category.LAUNCHER" />
50-->src\main\AndroidManifest.xml:43:17-77
50-->src\main\AndroidManifest.xml:43:27-74
51            </intent-filter>
52        </activity>
53    </application>
54
55</manifest>